Flow report for mipsBasedProcessor
Fri Apr 17 14:48:06 2020
Quartus Prime Version 19.1.0 Build 670 09/22/2019 SJ Lite Edition


---------------------
; Table of Contents ;
---------------------
  1. Legal Notice
  2. Flow Summary
  3. Flow Settings
  4. Flow Non-Default Global Settings
  5. Flow Elapsed Time
  6. Flow OS Summary
  7. Flow Log
  8. Flow Messages
  9. Flow Suppressed Messages



----------------
; Legal Notice ;
----------------
Copyright (C) 2019  Intel Corporation. All rights reserved.
Your use of Intel Corporation's design tools, logic functions 
and other software and tools, and any partner logic 
functions, and any output files from any of the foregoing 
(including device programming or simulation files), and any 
associated documentation or information are expressly subject 
to the terms and conditions of the Intel Program License 
Subscription Agreement, the Intel Quartus Prime License Agreement,
the Intel FPGA IP License Agreement, or other applicable license
agreement, including, without limitation, that your use is for
the sole purpose of programming logic devices manufactured by
Intel and sold by Intel or its authorized distributors.  Please
refer to the applicable agreement for further details, at
https://fpgasoftware.intel.com/eula.



+----------------------------------------------------------------------------------+
; Flow Summary                                                                     ;
+------------------------------------+---------------------------------------------+
; Flow Status                        ; Successful - Fri Apr 17 14:48:06 2020       ;
; Quartus Prime Version              ; 19.1.0 Build 670 09/22/2019 SJ Lite Edition ;
; Revision Name                      ; mipsBasedProcessor                          ;
; Top-level Entity Name              ; mipsBasedSystem                             ;
; Family                             ; Cyclone IV E                                ;
; Device                             ; EP4CE115F29C7                               ;
; Timing Models                      ; Final                                       ;
; Total logic elements               ; 4,947                                       ;
;     Total combinational functions  ; 4,947                                       ;
;     Dedicated logic registers      ; 896                                         ;
; Total registers                    ; 896                                         ;
; Total pins                         ; 67                                          ;
; Total virtual pins                 ; 0                                           ;
; Total memory bits                  ; 0                                           ;
; Embedded Multiplier 9-bit elements ; 6                                           ;
; Total PLLs                         ; 0                                           ;
+------------------------------------+---------------------------------------------+


+-----------------------------------------+
; Flow Settings                           ;
+-------------------+---------------------+
; Option            ; Setting             ;
+-------------------+---------------------+
; Start date & time ; 04/17/2020 14:11:09 ;
; Main task         ; Compilation         ;
; Revision Name     ; mipsBasedProcessor  ;
+-------------------+---------------------+


+----------------------------------------------------------------------------------------------------------------------------------+
; Flow Non-Default Global Settings                                                                                                 ;
+-------------------------------------+----------------------------------------+--------------------+-----------------+------------+
; Assignment Name                     ; Value                                  ; Default Value      ; Entity Name     ; Section Id ;
+-------------------------------------+----------------------------------------+--------------------+-----------------+------------+
; COMPILER_SIGNATURE_ID               ; 2543711158273.158714346809632          ; --                 ; --              ; --         ;
; FITTER_EFFORT                       ; Fast Fit                               ; Auto Fit           ; --              ; --         ;
; MAX_CORE_JUNCTION_TEMP              ; 85                                     ; --                 ; --              ; --         ;
; MIN_CORE_JUNCTION_TEMP              ; 0                                      ; --                 ; --              ; --         ;
; NOMINAL_CORE_SUPPLY_VOLTAGE         ; 1.2V                                   ; --                 ; --              ; --         ;
; PARTITION_COLOR                     ; -- (Not supported for targeted family) ; --                 ; mipsBasedSystem ; Top        ;
; PARTITION_FITTER_PRESERVATION_LEVEL ; -- (Not supported for targeted family) ; --                 ; mipsBasedSystem ; Top        ;
; PARTITION_NETLIST_TYPE              ; -- (Not supported for targeted family) ; --                 ; mipsBasedSystem ; Top        ;
; POWER_BOARD_THERMAL_MODEL           ; None (CONSERVATIVE)                    ; --                 ; --              ; --         ;
; POWER_PRESET_COOLING_SOLUTION       ; 23 MM HEAT SINK WITH 200 LFPM AIRFLOW  ; --                 ; --              ; --         ;
; PROJECT_OUTPUT_DIRECTORY            ; output_files                           ; --                 ; --              ; --         ;
; SMART_RECOMPILE                     ; On                                     ; Off                ; --              ; --         ;
; TOP_LEVEL_ENTITY                    ; mipsBasedSystem                        ; mipsBasedProcessor ; --              ; --         ;
+-------------------------------------+----------------------------------------+--------------------+-----------------+------------+


+--------------------------------------------------------------------------------------------------------------------------+
; Flow Elapsed Time                                                                                                        ;
+----------------------+--------------+-------------------------+---------------------+------------------------------------+
; Module Name          ; Elapsed Time ; Average Processors Used ; Peak Virtual Memory ; Total CPU Time (on all processors) ;
+----------------------+--------------+-------------------------+---------------------+------------------------------------+
; Analysis & Synthesis ; 00:00:32     ; 1.0                     ; 4803 MB             ; 00:00:41                           ;
; EDA Netlist Writer   ; 00:00:01     ; 1.0                     ; 4652 MB             ; 00:00:01                           ;
; EDA Netlist Writer   ; 00:00:02     ; 1.0                     ; 4664 MB             ; 00:00:02                           ;
; EDA Netlist Writer   ; 00:00:01     ; 1.0                     ; 4655 MB             ; 00:00:01                           ;
; EDA Netlist Writer   ; 00:00:01     ; 1.0                     ; 4664 MB             ; 00:00:01                           ;
; EDA Netlist Writer   ; 00:00:01     ; 1.0                     ; 4655 MB             ; 00:00:01                           ;
; EDA Netlist Writer   ; 00:00:03     ; 1.0                     ; 4664 MB             ; 00:00:02                           ;
; EDA Netlist Writer   ; 00:00:01     ; 1.0                     ; 4655 MB             ; 00:00:01                           ;
; EDA Netlist Writer   ; 00:00:03     ; 1.0                     ; 4664 MB             ; 00:00:02                           ;
; EDA Netlist Writer   ; 00:00:01     ; 1.0                     ; 4655 MB             ; 00:00:01                           ;
; EDA Netlist Writer   ; 00:00:02     ; 1.0                     ; 4664 MB             ; 00:00:02                           ;
; EDA Netlist Writer   ; 00:00:00     ; 1.0                     ; 4655 MB             ; 00:00:01                           ;
; EDA Netlist Writer   ; 00:00:01     ; 1.0                     ; 4664 MB             ; 00:00:01                           ;
; EDA Netlist Writer   ; 00:00:01     ; 1.0                     ; 4655 MB             ; 00:00:01                           ;
; EDA Netlist Writer   ; 00:00:02     ; 1.0                     ; 4664 MB             ; 00:00:01                           ;
; EDA Netlist Writer   ; 00:00:00     ; 1.0                     ; 4655 MB             ; 00:00:01                           ;
; EDA Netlist Writer   ; 00:00:01     ; 1.0                     ; 4664 MB             ; 00:00:01                           ;
; EDA Netlist Writer   ; 00:00:01     ; 1.0                     ; 4655 MB             ; 00:00:01                           ;
; EDA Netlist Writer   ; 00:00:02     ; 1.0                     ; 4664 MB             ; 00:00:02                           ;
; EDA Netlist Writer   ; 00:00:01     ; 1.0                     ; 4655 MB             ; 00:00:01                           ;
; EDA Netlist Writer   ; 00:00:01     ; 1.0                     ; 4664 MB             ; 00:00:02                           ;
; EDA Netlist Writer   ; 00:00:01     ; 1.0                     ; 4655 MB             ; 00:00:01                           ;
; EDA Netlist Writer   ; 00:00:02     ; 1.0                     ; 4664 MB             ; 00:00:01                           ;
; Total                ; 00:01:01     ; --                      ; --                  ; 00:01:09                           ;
+----------------------+--------------+-------------------------+---------------------+------------------------------------+


+------------------------------------------------------------------------------------+
; Flow OS Summary                                                                    ;
+----------------------+------------------+------------+------------+----------------+
; Module Name          ; Machine Hostname ; OS Name    ; OS Version ; Processor type ;
+----------------------+------------------+------------+------------+----------------+
; Analysis & Synthesis ; LAPTOP-IV3PSCM3  ; Windows 10 ; 10.0       ; x86_64         ;
; EDA Netlist Writer   ; LAPTOP-IV3PSCM3  ; Windows 10 ; 10.0       ; x86_64         ;
; EDA Netlist Writer   ; LAPTOP-IV3PSCM3  ; Windows 10 ; 10.0       ; x86_64         ;
; EDA Netlist Writer   ; LAPTOP-IV3PSCM3  ; Windows 10 ; 10.0       ; x86_64         ;
; EDA Netlist Writer   ; LAPTOP-IV3PSCM3  ; Windows 10 ; 10.0       ; x86_64         ;
; EDA Netlist Writer   ; LAPTOP-IV3PSCM3  ; Windows 10 ; 10.0       ; x86_64         ;
; EDA Netlist Writer   ; LAPTOP-IV3PSCM3  ; Windows 10 ; 10.0       ; x86_64         ;
; EDA Netlist Writer   ; LAPTOP-IV3PSCM3  ; Windows 10 ; 10.0       ; x86_64         ;
; EDA Netlist Writer   ; LAPTOP-IV3PSCM3  ; Windows 10 ; 10.0       ; x86_64         ;
; EDA Netlist Writer   ; LAPTOP-IV3PSCM3  ; Windows 10 ; 10.0       ; x86_64         ;
; EDA Netlist Writer   ; LAPTOP-IV3PSCM3  ; Windows 10 ; 10.0       ; x86_64         ;
; EDA Netlist Writer   ; LAPTOP-IV3PSCM3  ; Windows 10 ; 10.0       ; x86_64         ;
; EDA Netlist Writer   ; LAPTOP-IV3PSCM3  ; Windows 10 ; 10.0       ; x86_64         ;
; EDA Netlist Writer   ; LAPTOP-IV3PSCM3  ; Windows 10 ; 10.0       ; x86_64         ;
; EDA Netlist Writer   ; LAPTOP-IV3PSCM3  ; Windows 10 ; 10.0       ; x86_64         ;
; EDA Netlist Writer   ; LAPTOP-IV3PSCM3  ; Windows 10 ; 10.0       ; x86_64         ;
; EDA Netlist Writer   ; LAPTOP-IV3PSCM3  ; Windows 10 ; 10.0       ; x86_64         ;
; EDA Netlist Writer   ; LAPTOP-IV3PSCM3  ; Windows 10 ; 10.0       ; x86_64         ;
; EDA Netlist Writer   ; LAPTOP-IV3PSCM3  ; Windows 10 ; 10.0       ; x86_64         ;
; EDA Netlist Writer   ; LAPTOP-IV3PSCM3  ; Windows 10 ; 10.0       ; x86_64         ;
; EDA Netlist Writer   ; LAPTOP-IV3PSCM3  ; Windows 10 ; 10.0       ; x86_64         ;
; EDA Netlist Writer   ; LAPTOP-IV3PSCM3  ; Windows 10 ; 10.0       ; x86_64         ;
; EDA Netlist Writer   ; LAPTOP-IV3PSCM3  ; Windows 10 ; 10.0       ; x86_64         ;
+----------------------+------------------+------------+------------+----------------+


------------
; Flow Log ;
------------
quartus_map --read_settings_files=on --write_settings_files=off mipsBasedProcessor -c mipsBasedProcessor
quartus_eda --gen_testbench --tool=modelsim_oem --format=verilog --write_settings_files=off mipsBasedProcessor -c mipsBasedProcessor --vector_source="C:/Users/ferav/Documents/Unifesp/ECOMP---UNIFESP/ECOMP - Full Computer Dev. Laboratories/mipsBasedProcessor/Waveform.vwf" --testbench_file="C:/Users/ferav/Documents/Unifesp/ECOMP---UNIFESP/ECOMP - Full Computer Dev. Laboratories/mipsBasedProcessor/simulation/qsim/Waveform.vwf.vt"
quartus_eda --write_settings_files=off --simulation=on --functional=on --flatten_buses=off --tool=modelsim_oem --format=verilog --output_directory="C:/Users/ferav/Documents/Unifesp/ECOMP---UNIFESP/ECOMP - Full Computer Dev. Laboratories/mipsBasedProcessor/simulation/qsim/" mipsBasedProcessor -c mipsBasedProcessor
quartus_eda --gen_testbench --tool=modelsim_oem --format=verilog --write_settings_files=off mipsBasedProcessor -c mipsBasedProcessor --vector_source="C:/Users/ferav/Documents/Unifesp/ECOMP---UNIFESP/ECOMP - Full Computer Dev. Laboratories/mipsBasedProcessor/Waveform.vwf" --testbench_file="C:/Users/ferav/Documents/Unifesp/ECOMP---UNIFESP/ECOMP - Full Computer Dev. Laboratories/mipsBasedProcessor/simulation/qsim/Waveform.vwf.vt"
quartus_eda --write_settings_files=off --simulation=on --functional=on --flatten_buses=off --tool=modelsim_oem --format=verilog --output_directory="C:/Users/ferav/Documents/Unifesp/ECOMP---UNIFESP/ECOMP - Full Computer Dev. Laboratories/mipsBasedProcessor/simulation/qsim/" mipsBasedProcessor -c mipsBasedProcessor
quartus_eda --gen_testbench --tool=modelsim_oem --format=verilog --write_settings_files=off mipsBasedProcessor -c mipsBasedProcessor --vector_source="C:/Users/ferav/Documents/Unifesp/ECOMP---UNIFESP/ECOMP - Full Computer Dev. Laboratories/mipsBasedProcessor/Waveform.vwf" --testbench_file="C:/Users/ferav/Documents/Unifesp/ECOMP---UNIFESP/ECOMP - Full Computer Dev. Laboratories/mipsBasedProcessor/simulation/qsim/Waveform.vwf.vt"
quartus_eda --write_settings_files=off --simulation=on --functional=on --flatten_buses=off --tool=modelsim_oem --format=verilog --output_directory="C:/Users/ferav/Documents/Unifesp/ECOMP---UNIFESP/ECOMP - Full Computer Dev. Laboratories/mipsBasedProcessor/simulation/qsim/" mipsBasedProcessor -c mipsBasedProcessor
quartus_eda --gen_testbench --tool=modelsim_oem --format=verilog --write_settings_files=off mipsBasedProcessor -c mipsBasedProcessor --vector_source="C:/Users/ferav/Documents/Unifesp/ECOMP---UNIFESP/ECOMP - Full Computer Dev. Laboratories/mipsBasedProcessor/Waveform1.vwf" --testbench_file="C:/Users/ferav/Documents/Unifesp/ECOMP---UNIFESP/ECOMP - Full Computer Dev. Laboratories/mipsBasedProcessor/simulation/qsim/Waveform1.vwf.vt"
quartus_eda --write_settings_files=off --simulation=on --functional=on --flatten_buses=off --tool=modelsim_oem --format=verilog --output_directory="C:/Users/ferav/Documents/Unifesp/ECOMP---UNIFESP/ECOMP - Full Computer Dev. Laboratories/mipsBasedProcessor/simulation/qsim/" mipsBasedProcessor -c mipsBasedProcessor
quartus_eda --gen_testbench --tool=modelsim_oem --format=verilog --write_settings_files=off mipsBasedProcessor -c mipsBasedProcessor --vector_source="C:/Users/ferav/Documents/Unifesp/ECOMP---UNIFESP/ECOMP - Full Computer Dev. Laboratories/mipsBasedProcessor/Waveform1.vwf" --testbench_file="C:/Users/ferav/Documents/Unifesp/ECOMP---UNIFESP/ECOMP - Full Computer Dev. Laboratories/mipsBasedProcessor/simulation/qsim/Waveform1.vwf.vt"
quartus_eda --write_settings_files=off --simulation=on --functional=on --flatten_buses=off --tool=modelsim_oem --format=verilog --output_directory="C:/Users/ferav/Documents/Unifesp/ECOMP---UNIFESP/ECOMP - Full Computer Dev. Laboratories/mipsBasedProcessor/simulation/qsim/" mipsBasedProcessor -c mipsBasedProcessor
quartus_eda --gen_testbench --tool=modelsim_oem --format=verilog --write_settings_files=off mipsBasedProcessor -c mipsBasedProcessor --vector_source="C:/Users/ferav/Documents/Unifesp/ECOMP---UNIFESP/ECOMP - Full Computer Dev. Laboratories/mipsBasedProcessor/Waveform1.vwf" --testbench_file="C:/Users/ferav/Documents/Unifesp/ECOMP---UNIFESP/ECOMP - Full Computer Dev. Laboratories/mipsBasedProcessor/simulation/qsim/Waveform1.vwf.vt"
quartus_eda --write_settings_files=off --simulation=on --functional=on --flatten_buses=off --tool=modelsim_oem --format=verilog --output_directory="C:/Users/ferav/Documents/Unifesp/ECOMP---UNIFESP/ECOMP - Full Computer Dev. Laboratories/mipsBasedProcessor/simulation/qsim/" mipsBasedProcessor -c mipsBasedProcessor
quartus_eda --gen_testbench --tool=modelsim_oem --format=verilog --write_settings_files=off mipsBasedProcessor -c mipsBasedProcessor --vector_source="C:/Users/ferav/Documents/Unifesp/ECOMP---UNIFESP/ECOMP - Full Computer Dev. Laboratories/mipsBasedProcessor/Waveform1.vwf" --testbench_file="C:/Users/ferav/Documents/Unifesp/ECOMP---UNIFESP/ECOMP - Full Computer Dev. Laboratories/mipsBasedProcessor/simulation/qsim/Waveform1.vwf.vt"
quartus_eda --write_settings_files=off --simulation=on --functional=on --flatten_buses=off --tool=modelsim_oem --format=verilog --output_directory="C:/Users/ferav/Documents/Unifesp/ECOMP---UNIFESP/ECOMP - Full Computer Dev. Laboratories/mipsBasedProcessor/simulation/qsim/" mipsBasedProcessor -c mipsBasedProcessor
quartus_eda --gen_testbench --tool=modelsim_oem --format=verilog --write_settings_files=off mipsBasedProcessor -c mipsBasedProcessor --vector_source="C:/Users/ferav/Documents/Unifesp/ECOMP---UNIFESP/ECOMP - Full Computer Dev. Laboratories/mipsBasedProcessor/Waveform1.vwf" --testbench_file="C:/Users/ferav/Documents/Unifesp/ECOMP---UNIFESP/ECOMP - Full Computer Dev. Laboratories/mipsBasedProcessor/simulation/qsim/Waveform1.vwf.vt"
quartus_eda --write_settings_files=off --simulation=on --functional=on --flatten_buses=off --tool=modelsim_oem --format=verilog --output_directory="C:/Users/ferav/Documents/Unifesp/ECOMP---UNIFESP/ECOMP - Full Computer Dev. Laboratories/mipsBasedProcessor/simulation/qsim/" mipsBasedProcessor -c mipsBasedProcessor
quartus_eda --gen_testbench --tool=modelsim_oem --format=verilog --write_settings_files=off mipsBasedProcessor -c mipsBasedProcessor --vector_source="C:/Users/ferav/Documents/Unifesp/ECOMP---UNIFESP/ECOMP - Full Computer Dev. Laboratories/mipsBasedProcessor/Waveform1.vwf" --testbench_file="C:/Users/ferav/Documents/Unifesp/ECOMP---UNIFESP/ECOMP - Full Computer Dev. Laboratories/mipsBasedProcessor/simulation/qsim/Waveform1.vwf.vt"
quartus_eda --write_settings_files=off --simulation=on --functional=on --flatten_buses=off --tool=modelsim_oem --format=verilog --output_directory="C:/Users/ferav/Documents/Unifesp/ECOMP---UNIFESP/ECOMP - Full Computer Dev. Laboratories/mipsBasedProcessor/simulation/qsim/" mipsBasedProcessor -c mipsBasedProcessor
quartus_eda --gen_testbench --tool=modelsim_oem --format=verilog --write_settings_files=off mipsBasedProcessor -c mipsBasedProcessor --vector_source="C:/Users/ferav/Documents/Unifesp/ECOMP---UNIFESP/ECOMP - Full Computer Dev. Laboratories/mipsBasedProcessor/Waveform1.vwf" --testbench_file="C:/Users/ferav/Documents/Unifesp/ECOMP---UNIFESP/ECOMP - Full Computer Dev. Laboratories/mipsBasedProcessor/simulation/qsim/Waveform1.vwf.vt"
quartus_eda --write_settings_files=off --simulation=on --functional=on --flatten_buses=off --tool=modelsim_oem --format=verilog --output_directory="C:/Users/ferav/Documents/Unifesp/ECOMP---UNIFESP/ECOMP - Full Computer Dev. Laboratories/mipsBasedProcessor/simulation/qsim/" mipsBasedProcessor -c mipsBasedProcessor
quartus_eda --gen_testbench --tool=modelsim_oem --format=verilog --write_settings_files=off mipsBasedProcessor -c mipsBasedProcessor --vector_source="C:/Users/ferav/Documents/Unifesp/ECOMP---UNIFESP/ECOMP - Full Computer Dev. Laboratories/mipsBasedProcessor/Waveform1.vwf" --testbench_file="C:/Users/ferav/Documents/Unifesp/ECOMP---UNIFESP/ECOMP - Full Computer Dev. Laboratories/mipsBasedProcessor/simulation/qsim/Waveform1.vwf.vt"
quartus_eda --write_settings_files=off --simulation=on --functional=on --flatten_buses=off --tool=modelsim_oem --format=verilog --output_directory="C:/Users/ferav/Documents/Unifesp/ECOMP---UNIFESP/ECOMP - Full Computer Dev. Laboratories/mipsBasedProcessor/simulation/qsim/" mipsBasedProcessor -c mipsBasedProcessor



